{"/Users/pepe/code/katas/codewars/codewars-strip-comments/src/strip-comments.js": {"path":"/Users/pepe/code/katas/codewars/codewars-strip-comments/src/strip-comments.js","statementMap":{"0":{"start":{"line":1,"column":17},"end":{"line":1,"column":47}},"1":{"start":{"line":1,"column":24},"end":{"line":1,"column":47}},"2":{"start":{"line":3,"column":13},"end":{"line":3,"column":30}},"3":{"start":{"line":3,"column":20},"end":{"line":3,"column":30}},"4":{"start":{"line":6,"column":22},"end":{"line":6,"column":46}},"5":{"start":{"line":6,"column":31},"end":{"line":6,"column":46}},"6":{"start":{"line":8,"column":24},"end":{"line":9,"column":51}},"7":{"start":{"line":9,"column":2},"end":{"line":9,"column":51}},"8":{"start":{"line":11,"column":23},"end":{"line":12,"column":50}},"9":{"start":{"line":12,"column":2},"end":{"line":12,"column":50}},"10":{"start":{"line":15,"column":13},"end":{"line":15,"column":52}},"11":{"start":{"line":15,"column":26},"end":{"line":15,"column":52}},"12":{"start":{"line":15,"column":33},"end":{"line":15,"column":52}},"13":{"start":{"line":17,"column":14},"end":{"line":17,"column":54}},"14":{"start":{"line":17,"column":27},"end":{"line":17,"column":54}},"15":{"start":{"line":17,"column":34},"end":{"line":17,"column":54}},"16":{"start":{"line":19,"column":12},"end":{"line":19,"column":36}},"17":{"start":{"line":19,"column":18},"end":{"line":19,"column":36}},"18":{"start":{"line":19,"column":25},"end":{"line":19,"column":36}},"19":{"start":{"line":21,"column":14},"end":{"line":21,"column":27}},"20":{"start":{"line":21,"column":21},"end":{"line":21,"column":27}},"21":{"start":{"line":24,"column":13},"end":{"line":25,"column":43}},"22":{"start":{"line":24,"column":25},"end":{"line":25,"column":43}},"23":{"start":{"line":25,"column":2},"end":{"line":25,"column":43}},"24":{"start":{"line":25,"column":26},"end":{"line":25,"column":33}},"25":{"start":{"line":28,"column":26},"end":{"line":32,"column":7}},"26":{"start":{"line":28,"column":51},"end":{"line":32,"column":7}},"27":{"start":{"line":35,"column":17},"end":{"line":47,"column":1}},"28":{"start":{"line":36,"column":2},"end":{"line":36,"column":50}},"29":{"start":{"line":36,"column":39},"end":{"line":36,"column":50}},"30":{"start":{"line":38,"column":24},"end":{"line":38,"column":59}},"31":{"start":{"line":40,"column":25},"end":{"line":44,"column":10}},"32":{"start":{"line":42,"column":16},"end":{"line":42,"column":54}},"33":{"start":{"line":46,"column":2},"end":{"line":46,"column":23}}},"fnMap":{"0":{"name":"(anonymous_0)","decl":{"start":{"line":1,"column":17},"end":{"line":1,"column":18}},"loc":{"start":{"line":1,"column":24},"end":{"line":1,"column":47}},"line":1},"1":{"name":"(anonymous_1)","decl":{"start":{"line":3,"column":13},"end":{"line":3,"column":14}},"loc":{"start":{"line":3,"column":20},"end":{"line":3,"column":30}},"line":3},"2":{"name":"(anonymous_2)","decl":{"start":{"line":6,"column":22},"end":{"line":6,"column":23}},"loc":{"start":{"line":6,"column":31},"end":{"line":6,"column":46}},"line":6},"3":{"name":"(anonymous_3)","decl":{"start":{"line":8,"column":24},"end":{"line":8,"column":25}},"loc":{"start":{"line":9,"column":2},"end":{"line":9,"column":51}},"line":9},"4":{"name":"(anonymous_4)","decl":{"start":{"line":11,"column":23},"end":{"line":11,"column":24}},"loc":{"start":{"line":12,"column":2},"end":{"line":12,"column":50}},"line":12},"5":{"name":"(anonymous_5)","decl":{"start":{"line":15,"column":13},"end":{"line":15,"column":14}},"loc":{"start":{"line":15,"column":26},"end":{"line":15,"column":52}},"line":15},"6":{"name":"(anonymous_6)","decl":{"start":{"line":15,"column":26},"end":{"line":15,"column":27}},"loc":{"start":{"line":15,"column":33},"end":{"line":15,"column":52}},"line":15},"7":{"name":"(anonymous_7)","decl":{"start":{"line":17,"column":14},"end":{"line":17,"column":15}},"loc":{"start":{"line":17,"column":27},"end":{"line":17,"column":54}},"line":17},"8":{"name":"(anonymous_8)","decl":{"start":{"line":17,"column":27},"end":{"line":17,"column":28}},"loc":{"start":{"line":17,"column":34},"end":{"line":17,"column":54}},"line":17},"9":{"name":"(anonymous_9)","decl":{"start":{"line":19,"column":12},"end":{"line":19,"column":13}},"loc":{"start":{"line":19,"column":18},"end":{"line":19,"column":36}},"line":19},"10":{"name":"(anonymous_10)","decl":{"start":{"line":19,"column":18},"end":{"line":19,"column":19}},"loc":{"start":{"line":19,"column":25},"end":{"line":19,"column":36}},"line":19},"11":{"name":"(anonymous_11)","decl":{"start":{"line":21,"column":14},"end":{"line":21,"column":15}},"loc":{"start":{"line":21,"column":21},"end":{"line":21,"column":27}},"line":21},"12":{"name":"(anonymous_12)","decl":{"start":{"line":24,"column":13},"end":{"line":24,"column":14}},"loc":{"start":{"line":24,"column":25},"end":{"line":25,"column":43}},"line":24},"13":{"name":"(anonymous_13)","decl":{"start":{"line":24,"column":25},"end":{"line":24,"column":26}},"loc":{"start":{"line":25,"column":2},"end":{"line":25,"column":43}},"line":25},"14":{"name":"(anonymous_14)","decl":{"start":{"line":25,"column":13},"end":{"line":25,"column":14}},"loc":{"start":{"line":25,"column":26},"end":{"line":25,"column":33}},"line":25},"15":{"name":"(anonymous_15)","decl":{"start":{"line":28,"column":26},"end":{"line":28,"column":27}},"loc":{"start":{"line":28,"column":51},"end":{"line":32,"column":7}},"line":28},"16":{"name":"(anonymous_16)","decl":{"start":{"line":35,"column":17},"end":{"line":35,"column":18}},"loc":{"start":{"line":35,"column":37},"end":{"line":47,"column":1}},"line":35},"17":{"name":"(anonymous_17)","decl":{"start":{"line":42,"column":8},"end":{"line":42,"column":9}},"loc":{"start":{"line":42,"column":16},"end":{"line":42,"column":54}},"line":42}},"branchMap":{"0":{"loc":{"start":{"line":9,"column":2},"end":{"line":9,"column":51}},"type":"binary-expr","locations":[{"start":{"line":9,"column":2},"end":{"line":9,"column":24}},{"start":{"line":9,"column":28},"end":{"line":9,"column":51}}],"line":9},"1":{"loc":{"start":{"line":12,"column":2},"end":{"line":12,"column":50}},"type":"binary-expr","locations":[{"start":{"line":12,"column":2},"end":{"line":12,"column":22}},{"start":{"line":12,"column":26},"end":{"line":12,"column":50}}],"line":12},"2":{"loc":{"start":{"line":36,"column":2},"end":{"line":36,"column":50}},"type":"if","locations":[{"start":{"line":36,"column":2},"end":{"line":36,"column":50}},{"start":{"line":36,"column":2},"end":{"line":36,"column":50}}],"line":36}},"s":{"0":1,"1":20,"2":1,"3":16,"4":1,"5":9,"6":1,"7":7,"8":1,"9":9,"10":1,"11":5,"12":5,"13":1,"14":21,"15":21,"16":1,"17":5,"18":5,"19":1,"20":16,"21":1,"22":21,"23":21,"24":63,"25":1,"26":16,"27":1,"28":9,"29":4,"30":5,"31":5,"32":16,"33":5},"f":{"0":20,"1":16,"2":9,"3":7,"4":9,"5":5,"6":5,"7":21,"8":21,"9":5,"10":5,"11":16,"12":21,"13":21,"14":63,"15":16,"16":9,"17":16},"b":{"0":[7,5],"1":[9,7],"2":[4,5]},"_coverageSchema":"332fd63041d2c1bcb487cc26dd0d5f7d97098a6c","hash":"b774efd5a72b01e990ec937a040b5ab010ecdadf"}
}
