TN:
SF:/Users/pepe/code/katas/codewars/codewars-strip-comments/src/strip-comments.js
FN:1,(anonymous_0)
FN:3,(anonymous_1)
FN:6,(anonymous_2)
FN:8,(anonymous_3)
FN:11,(anonymous_4)
FN:15,(anonymous_5)
FN:15,(anonymous_6)
FN:17,(anonymous_7)
FN:17,(anonymous_8)
FN:19,(anonymous_9)
FN:19,(anonymous_10)
FN:21,(anonymous_11)
FN:24,(anonymous_12)
FN:24,(anonymous_13)
FN:25,(anonymous_14)
FN:28,(anonymous_15)
FN:35,(anonymous_16)
FN:42,(anonymous_17)
FNF:18
FNH:18
FNDA:20,(anonymous_0)
FNDA:16,(anonymous_1)
FNDA:9,(anonymous_2)
FNDA:7,(anonymous_3)
FNDA:9,(anonymous_4)
FNDA:5,(anonymous_5)
FNDA:5,(anonymous_6)
FNDA:21,(anonymous_7)
FNDA:21,(anonymous_8)
FNDA:5,(anonymous_9)
FNDA:5,(anonymous_10)
FNDA:16,(anonymous_11)
FNDA:21,(anonymous_12)
FNDA:21,(anonymous_13)
FNDA:63,(anonymous_14)
FNDA:16,(anonymous_15)
FNDA:9,(anonymous_16)
FNDA:16,(anonymous_17)
DA:1,20
DA:3,16
DA:6,9
DA:8,1
DA:9,7
DA:11,1
DA:12,9
DA:15,5
DA:17,21
DA:19,5
DA:21,16
DA:24,21
DA:25,63
DA:28,16
DA:35,1
DA:36,9
DA:38,5
DA:40,5
DA:42,16
DA:46,5
LF:20
LH:20
BRDA:9,0,0,7
BRDA:9,0,1,5
BRDA:12,1,0,9
BRDA:12,1,1,7
BRDA:36,2,0,4
BRDA:36,2,1,5
BRF:6
BRH:6
end_of_record
